|SourceProjectName:Vitals 5.0 Help.hpr
|DestinationProjectName:index.htm
whhost.js
whmsg.js
whmozemu.js
whutils.js
whproxy.js
whstub.js
whver.js
whform.js
whphost.js
whstart.js
whtopic.js
whframes.js
whlang.js
XmlReadHelper.js
whskin_info.htm
whskin_blank.htm
whskin_pickup.htm
whskin_homepage.htm
whskin_tw.htm
whnjs.htm
whthost.js
whtdhtml.htm
whihost.js
whibody.htm
whiform.htm
whfhost.js
whfbody.htm
whfform.htm
whghost.js
whgbody.htm
whgdhtml.htm
whgdef.htm
whproj.js
whproj.htm
whdata\whtoc.js
whdata\whtoc.htm
whdata\whtdata.js
whdata\whidx.js
whdata\whidx.htm
whdata\whidata.js
whdata\whglo.js
whdata\whglo.htm
whdata\whgdata.js
whgdata\whnvp30.htm
whgdata\whnvp31.htm
whgdata\whnvp32.htm
whgdata\whnvp33.htm
whgdata\whnvt30.htm
whgdata\whnvt31.htm
whgdata\whnvt32.htm
whgdata\whnvt33.htm
whgdata\whnvf30.htm
whgdata\whnvf31.htm
whgdata\whnvf32.htm
whgdata\whnvf33.htm
whgdata\whnvl31.htm
whgdata\whnvl32.htm
whgdata\whnvl33.htm
whgdata\whexpbar.gif
cshdat_webhelp.htm
whcsh_home.htm
whcshdata.js
cshdat_robohelp.htm
whd_home.htm
whd_topic.xml
whd_nvp10.htm
whd_nvp20.htm
whd_tabs.htm
whd_dpns.htm
whd_tab0.gif
whd_tab1.gif
whd_tab2.gif
whd_tab3.gif
whd_tab4.gif
whd_tab5.gif
whd_tab6.gif
whd_tab7.gif
whd_tab8.gif
whd_toc1.gif
whd_toc2.gif
whd_toc3.gif
whd_toc4.gif
whd_show0.gif
whd_show1.gif
whd_show2.gif
whd_hide0.gif
whd_hide1.gif
whd_hide2.gif
whd_sync0.gif
whd_sync1.gif
whd_sync2.gif
whd_prev0.gif
whd_prev1.gif
whd_prev2.gif
whd_next0.gif
whd_next1.gif
whd_next2.gif
whd_wbsh0.gif
whd_wbsh1.gif
whd_wbsh2.gif
whidhtml.htm
whfdhtml.htm
index_hha.hhk
index.hhc
index.hhk
VITALSAbout_Templates.htm
VITALSAbout_the_CCOW_Clinical_Link.htm
VITALSAccess_Keys_and_Shortcuts.htm
VITALSBreak_the_Clinical_Link.htm
VITALSCCOW_Standard.htm
VITALSCreating_a_User_Template.htm
VITALSDeleting_a_User_Template.htm
VITALSEditing_a_User_Template.htm
VITALSEntering_Data_for_Multiple_Patie.htm
VITALSEntering_Vitals_Data_for_One_Pat.htm
VITALSGetting_Help.htm
VITALSGetting_Started_with_Vitals.htm
VITALSIf_vitals_data_is_unavailable.htm
VITALSJoin_a_Clinical_Context.htm
VITALSMarking_Vitals_as_Entered_in_Err.htm
VITALSPrinting_a_Report.htm
VITALSSelecting_a_Patient.htm
VITALSSetting_Graph_and_Grid_Options.htm
VITALSSetting_User_Options.htm
VITALSShow_Status.htm
VITALSTime_Scale_on_the_graph.htm
VITALSView_Data_Grid_Report.htm
VITALSViewing_Allergies.htm
VITALSViewing_General_Patient_Informat.htm
VITALSViewing_the_Graph_as_a_Text_Repo.htm
VITALSViewing_Vitals_Data.htm
VITALSZoom.htm
index.glo
RoboHHRE.lng
ehlpdhtm.js
SearchOptions.xml
whxdata\package_0_xml.js
whxdata\package_1_xml.js
whxdata\package_2_xml.js
whxdata\package_3_xml.js
whxdata\package_4_xml.js
whxdata\package_5_xml.js
whxdata\package_6_xml.js
whxdata\package_7_xml.js
whxdata\packageindex_xml.js
whxdata\synonym.xml
whxdata\synonym_xml.js
whxdata\topictable_0_xml.js
whxdata\topictableindex_xml.js
whxdata\whfts.xml
whxdata\whfts_xml.js
whproj_xml.js
whxdata\whtoc_xml.js
whxdata\whidx_xml.js
whxdata\whglo_xml.js
resource\resource_xml.js
whbrs_xml.js
whres_xml.js
whcsh_xml.js
whxdata\whtdata0_xml.js
whxdata\whidata0_xml.js
whxdata\whidata1_xml.js
whxdata\whidata2_xml.js
whxdata\whidata3_xml.js
whxdata\whidata4_xml.js
whxdata\whidata5_xml.js
whxdata\whidata6_xml.js
whxdata\whidata7_xml.js
whxdata\whidata8_xml.js
whxdata\whidata9_xml.js
whxdata\whidata10_xml.js
whdata\whtdata0.htm
whdata\whidata0.htm
whdata\whidata1.htm
whdata\whidata2.htm
whdata\whidata3.htm
whdata\whidata4.htm
whdata\whidata5.htm
whdata\whidata6.htm
whdata\whidata7.htm
whdata\whidata8.htm
whdata\whidata9.htm
whdata\whidata10.htm
whgdata\whlstt0.htm
whgdata\whlsti0.htm
whgdata\whlsti1.htm
whgdata\whlsti2.htm
whgdata\whlsti3.htm
whgdata\whlsti4.htm
whgdata\whlsti5.htm
whgdata\whlsti6.htm
whgdata\whlsti7.htm
whgdata\whlsti8.htm
whgdata\whlsti9.htm
whgdata\whlsti10.htm
whgdata\whlsti11.htm
whgdata\whlsti12.htm
whgdata\whlsti13.htm
whgdata\whlsti14.htm
whgdata\whlsti15.htm
whgdata\whlsti16.htm
whgdata\whlsti17.htm
whgdata\whlsti18.htm
whgdata\whlsti19.htm
whgdata\whlsti20.htm
whgdata\whlsti21.htm
whgdata\whlsti22.htm
whgdata\whlsti23.htm
whgdata\whlsti24.htm
whgdata\whlsti25.htm
whgdata\whlstf0.htm
whgdata\whlstf1.htm
whgdata\whlstf2.htm
whgdata\whlstf3.htm
whgdata\whlstf4.htm
whgdata\whlstf5.htm
whgdata\whlstf6.htm
whgdata\whlstf7.htm
whgdata\whlstf8.htm
whgdata\whlstf9.htm
whgdata\whlstf10.htm
whgdata\whlstf11.htm
whgdata\whlstf12.htm
whgdata\whlstf13.htm
whgdata\whlstf14.htm
whgdata\whlstf15.htm
whgdata\whlstf16.htm
whgdata\whlstf17.htm
whgdata\whlstf18.htm
whgdata\whlstf19.htm
whgdata\whlstf20.htm
whgdata\whlstf21.htm
whgdata\whlstf22.htm
whgdata\whlstf23.htm
whgdata\whlstf24.htm
whgdata\whlstf25.htm
whgdata\whlstf26.htm
whgdata\whlstg0.htm
index.htm
index_csh.htm
index_rhc.htm
